********************************************************************************
product = Open Liberty 19.0.0.4 (wlp-1.0.27.cl190420190419-0642)
wlp.install.dir = C:/Users/rninganz/MyCourses/Cloud_Native_Dev/02_03/begin/target/liberty/wlp/
java.home = C:\Program Files\Java\jdk-11.0.14
java.version = 11.0.14
java.runtime = Java(TM) SE Runtime Environment (11.0.14+8-LTS-263)
os = Windows 10 (10.0; amd64) (en_US)
process = 21232@ESAdm-FJ590Z2
********************************************************************************
[2/4/22, 11:08:29:616 MST] 00000001 com.ibm.ws.kernel.launch.internal.FrameworkManager           A CWWKE0001I: The server defaultServer has been launched.
[2/4/22, 11:08:31:631 MST] 00000001 com.ibm.ws.kernel.launch.internal.FrameworkManager           I CWWKE0002I: The kernel started after 2.294 seconds
[2/4/22, 11:08:31:757 MST] 0000001e com.ibm.ws.kernel.feature.internal.FeatureManager            I CWWKF0007I: Feature update started.
[2/4/22, 11:08:32:275 MST] 00000016 com.ibm.ws.security.ready.internal.SecurityReadyServiceImpl  I CWWKS0007I: The security service is starting...
[2/4/22, 11:08:32:445 MST] 00000016 .apache.cxf.cxf.core.3.2:1.0.27.cl190420190419-0642(id=180)] I Aries Blueprint packages not available. So namespaces will not be registered
[2/4/22, 11:08:32:456 MST] 00000016 .apache.cxf.cxf.core.3.2:1.0.27.cl190420190419-0642(id=180)] I Aries Blueprint packages not available. So namespaces will not be registered
[2/4/22, 11:08:33:021 MST] 00000016 com.ibm.ws.app.manager.internal.monitor.DropinMonitor        A CWWKZ0058I: Monitoring dropins for applications.
[2/4/22, 11:08:33:389 MST] 00000024 com.ibm.ws.tcpchannel.internal.TCPChannel                    I CWWKO0219I: TCP Channel defaultHttpEndpoint has been started and is now listening for requests on host kubernetes.docker.internal  (IPv4: 127.0.0.1) port 9080.
[2/4/22, 11:08:33:606 MST] 00000016 com.ibm.ws.cache.ServerCache                                 I DYNA1001I: WebSphere Dynamic Cache instance named baseCache initialized successfully.
[2/4/22, 11:08:33:610 MST] 00000016 com.ibm.ws.cache.ServerCache                                 I DYNA1071I: The cache provider default is being used.
[2/4/22, 11:08:33:611 MST] 00000016 com.ibm.ws.cache.CacheServiceImpl                            I DYNA1056I: Dynamic Cache (object cache) initialized successfully.
[2/4/22, 11:08:33:791 MST] 00000018 com.ibm.ws.ssl.config.WSKeyStore                             A CWPKI0820A: The default keystore has been created using the 'keystore_password' environment variable.
[2/4/22, 11:08:33:926 MST] 0000002b com.ibm.ws.security.token.ltpa.internal.LTPAKeyCreateTask    I CWWKS4105I: LTPA configuration is ready after 0.105 seconds.
[2/4/22, 11:08:33:984 MST] 00000016 ibm.ws.security.authentication.internal.jaas.JAASServiceImpl I CWWKS1123I: The collective authentication plugin with class name NullCollectiveAuthenticationPlugin has been activated. 
[2/4/22, 11:08:34:549 MST] 00000018 com.ibm.ws.ssl.config.WSKeyStore                             I Successfully loaded default keystore: C:/Users/rninganz/MyCourses/Cloud_Native_Dev/02_03/begin/target/liberty/wlp/usr/servers/defaultServer/resources/security/key.p12 of type: PKCS12
[2/4/22, 11:08:34:668 MST] 00000016 com.ibm.ws.security.jwt.internal.ConsumerImpl                I CWWKS6012I: The JSON Web Token (JWT) consumer service is available.
[2/4/22, 11:08:34:702 MST] 00000033 com.ibm.ws.tcpchannel.internal.TCPChannel                    I CWWKO0219I: TCP Channel defaultHttpEndpoint-ssl has been started and is now listening for requests on host kubernetes.docker.internal  (IPv4: 127.0.0.1) port 9443.
[2/4/22, 11:08:34:712 MST] 00000016 com.ibm.ws.security.jwt.web.JwtEndpointServices              I CWWKS6002I: The JSON Web Token (JWT) endpoint service is available.
[2/4/22, 11:08:34:820 MST] 00000016 .ws.security.mp.jwt.v11.config.impl.MpConfigProxyServiceImpl I CWWKS5775I: The MicroProfile JWT version 1.1 mpConfigProxy processed successfully.
[2/4/22, 11:08:34:833 MST] 00000016 com.ibm.ws.security.mp.jwt.impl.MicroProfileJwtConfigImpl    I CWWKS5500I: The MicroProfile JWT configuration [defaultMpJwt] was successfully processed.
[2/4/22, 11:08:34:837 MST] 00000016 com.ibm.ws.security.mp.jwt.impl.MicroProfileJwtServiceImpl   I CWWKS5500I: The MicroProfile JWT configuration [MicroProfileJwtService] was successfully processed.
[2/4/22, 11:08:35:603 MST] 00000016 com.ibm.ws.session.WASSessionCore                            I SESN8501I: The session manager did not find a persistent storage location; HttpSession objects will be stored in the local application server's memory.
[2/4/22, 11:08:36:942 MST] 0000002b com.ibm.ws.app.manager.AppMessageHelper                      I CWWKZ0018I: Starting application demo.
[2/4/22, 11:08:37:398 MST] 00000032 com.ibm.ws.webcontainer.osgi.webapp.WebGroup                 I SRVE0169I: Loading Web Module: OpenAPIUI.
[2/4/22, 11:08:37:398 MST] 00000031 com.ibm.ws.webcontainer.osgi.webapp.WebGroup                 I SRVE0169I: Loading Web Module: PublicMicroProfileMetrics.
[2/4/22, 11:08:37:403 MST] 00000031 com.ibm.ws.webcontainer                                      I SRVE0250I: Web Module PublicMicroProfileMetrics has been bound to default_host.
[2/4/22, 11:08:37:396 MST] 0000002f com.ibm.ws.webcontainer.osgi.webapp.WebGroup                 I SRVE0169I: Loading Web Module: com.ibm.ws.security.jwt.
[2/4/22, 11:08:37:406 MST] 0000002f com.ibm.ws.webcontainer                                      I SRVE0250I: Web Module com.ibm.ws.security.jwt has been bound to default_host.
[2/4/22, 11:08:37:403 MST] 00000032 com.ibm.ws.webcontainer                                      I SRVE0250I: Web Module OpenAPIUI has been bound to default_host.
[2/4/22, 11:08:37:400 MST] 0000001f com.ibm.ws.webcontainer.osgi.webapp.WebGroup                 I SRVE0169I: Loading Web Module: health.
[2/4/22, 11:08:37:407 MST] 0000001f com.ibm.ws.webcontainer                                      I SRVE0250I: Web Module health has been bound to default_host.
[2/4/22, 11:08:37:398 MST] 00000030 com.ibm.ws.webcontainer.osgi.webapp.WebGroup                 I SRVE0169I: Loading Web Module: ibm/api.
[2/4/22, 11:08:37:408 MST] 00000030 com.ibm.ws.webcontainer                                      I SRVE0250I: Web Module ibm/api has been bound to default_host.
[2/4/22, 11:08:37:408 MST] 00000031 com.ibm.ws.http.internal.VirtualHostImpl                     A CWWKT0016I: Web application available (default_host): http://localhost:9080/metrics/
[2/4/22, 11:08:37:422 MST] 0000002f com.ibm.ws.http.internal.VirtualHostImpl                     A CWWKT0016I: Web application available (default_host): http://localhost:9080/jwt/
[2/4/22, 11:08:37:425 MST] 00000030 com.ibm.ws.http.internal.VirtualHostImpl                     A CWWKT0016I: Web application available (default_host): http://localhost:9080/ibm/api/
[2/4/22, 11:08:37:432 MST] 0000001f com.ibm.ws.http.internal.VirtualHostImpl                     A CWWKT0016I: Web application available (default_host): http://localhost:9080/health/
[2/4/22, 11:08:37:438 MST] 00000032 com.ibm.ws.http.internal.VirtualHostImpl                     A CWWKT0016I: Web application available (default_host): http://localhost:9080/openapi/ui/
[2/4/22, 11:08:37:584 MST] 0000001f com.ibm.ws.session.WASSessionCore                            I SESN0176I: A new session context will be created for application key default_host/health
[2/4/22, 11:08:37:584 MST] 00000022 com.ibm.ws.session.WASSessionCore                            I SESN0176I: A new session context will be created for application key default_host/ibm/api
[2/4/22, 11:08:37:591 MST] 0000002d com.ibm.ws.session.WASSessionCore                            I SESN0176I: A new session context will be created for application key default_host/jwt
[2/4/22, 11:08:37:581 MST] 0000002e com.ibm.ws.session.WASSessionCore                            I SESN0176I: A new session context will be created for application key default_host/openapi/ui
[2/4/22, 11:08:37:595 MST] 00000021 com.ibm.ws.session.WASSessionCore                            I SESN0176I: A new session context will be created for application key default_host/metrics
[2/4/22, 11:08:37:633 MST] 0000002d com.ibm.ws.util                                              I SESN0172I: The session manager is using the Java default SecureRandom implementation for session ID generation.
[2/4/22, 11:08:37:671 MST] 00000021 com.ibm.ws.util                                              I SESN0172I: The session manager is using the Java default SecureRandom implementation for session ID generation.
[2/4/22, 11:08:37:676 MST] 0000002e com.ibm.ws.util                                              I SESN0172I: The session manager is using the Java default SecureRandom implementation for session ID generation.
[2/4/22, 11:08:37:678 MST] 0000001f com.ibm.ws.util                                              I SESN0172I: The session manager is using the Java default SecureRandom implementation for session ID generation.
[2/4/22, 11:08:37:679 MST] 00000022 com.ibm.ws.util                                              I SESN0172I: The session manager is using the Java default SecureRandom implementation for session ID generation.
[2/4/22, 11:08:37:700 MST] 0000002e com.ibm.ws.cache.CacheServiceImpl                            I DYNA1056I: Dynamic Cache (object cache) initialized successfully.
[2/4/22, 11:08:37:975 MST] 00000021 com.ibm.ws.webcontainer.servlet                              I SRVE0242I: [com.ibm.ws.microprofile.metrics.public] [/metrics] [PublicMetricsRESTProxyServlet]: Initialization successful.
[2/4/22, 11:08:38:174 MST] 00000032 com.ibm.ws.webcontainer.osgi.mbeans.PluginGenerator          I SRVE9103I: A configuration file for a web server plugin was automatically generated for this server at C:\Users\rninganz\MyCourses\Cloud_Native_Dev\02_03\begin\target\liberty\wlp\usr\servers\defaultServer\logs\state\plugin-cfg.xml.
[2/4/22, 11:08:38:226 MST] 0000002b com.ibm.ws.microprofile.openapi.ApplicationProcessor         I CWWKO1660I: The application demo was processed and an OpenAPI document was produced.
[2/4/22, 11:08:38:229 MST] 00000033 com.ibm.ws.webcontainer.osgi.webapp.WebGroup                 I SRVE0169I: Loading Web Module: MicroProfileOpenAPI.
[2/4/22, 11:08:38:229 MST] 00000033 com.ibm.ws.webcontainer                                      I SRVE0250I: Web Module MicroProfileOpenAPI has been bound to default_host.
[2/4/22, 11:08:38:230 MST] 00000033 com.ibm.ws.http.internal.VirtualHostImpl                     A CWWKT0016I: Web application available (default_host): http://localhost:9080/openapi/
[2/4/22, 11:08:38:240 MST] 0000002e com.ibm.ws.session.WASSessionCore                            I SESN0176I: A new session context will be created for application key default_host/openapi
[2/4/22, 11:08:38:241 MST] 0000002e com.ibm.ws.util                                              I SESN0172I: The session manager is using the Java default SecureRandom implementation for session ID generation.
[2/4/22, 11:08:38:256 MST] 0000002e com.ibm.ws.webcontainer.servlet                              I SRVE0242I: [com.ibm.ws.microprofile.openapi] [/openapi] [OpenAPIServlet]: Initialization successful.
[2/4/22, 11:08:38:394 MST] 0000002b org.jboss.weld.Version                                       I WELD-000900: 3.1.0 (Final)
[2/4/22, 11:08:40:174 MST] 0000002b com.ibm.ws.webcontainer.osgi.webapp.WebGroup                 I SRVE0169I: Loading Web Module: demo.
[2/4/22, 11:08:40:175 MST] 0000002b com.ibm.ws.webcontainer                                      I SRVE0250I: Web Module demo has been bound to default_host.
[2/4/22, 11:08:40:175 MST] 0000002b com.ibm.ws.http.internal.VirtualHostImpl                     A CWWKT0016I: Web application available (default_host): http://localhost:9080/demo/
[2/4/22, 11:08:40:181 MST] 0000002b com.ibm.ws.app.manager.AppMessageHelper                      A CWWKZ0001I: Application demo started in 3.238 seconds.
[2/4/22, 11:08:40:183 MST] 00000031 com.ibm.ws.session.WASSessionCore                            I SESN0176I: A new session context will be created for application key default_host/demo
[2/4/22, 11:08:40:184 MST] 00000031 com.ibm.ws.util                                              I SESN0172I: The session manager is using the Java default SecureRandom implementation for session ID generation.
[2/4/22, 11:08:40:222 MST] 0000001e com.ibm.ws.kernel.feature.internal.FeatureManager            A CWWKF0012I: The server installed the following features: [appSecurity-2.0, cdi-2.0, concurrent-1.0, distributedMap-1.0, jaxrs-2.1, jaxrsClient-2.1, jndi-1.0, json-1.0, jsonb-1.0, jsonp-1.1, jwt-1.0, microProfile-2.2, mpConfig-1.3, mpFaultTolerance-2.0, mpHealth-1.0, mpJwt-1.1, mpMetrics-1.1, mpOpenAPI-1.1, mpOpenTracing-1.3, mpRestClient-1.2, opentracing-1.3, servlet-4.0, ssl-1.0].
[2/4/22, 11:08:40:224 MST] 0000001e com.ibm.ws.kernel.feature.internal.FeatureManager            I CWWKF0008I: Feature update completed in 8.591 seconds.
[2/4/22, 11:08:40:225 MST] 0000001e com.ibm.ws.kernel.feature.internal.FeatureManager            A CWWKF0011I: The defaultServer server is ready to run a smarter planet. The defaultServer server started in 10.890 seconds.
[2/4/22, 11:08:40:239 MST] 00000030 com.ibm.ws.webcontainer.osgi.mbeans.PluginGenerator          I SRVE9103I: A configuration file for a web server plugin was automatically generated for this server at C:\Users\rninganz\MyCourses\Cloud_Native_Dev\02_03\begin\target\liberty\wlp\usr\servers\defaultServer\logs\state\plugin-cfg.xml.
[2/4/22, 11:09:10:704 MST] 00000014 com.ibm.ws.kernel.launch.internal.ServerCommandListener      A CWWKE0055I: Server shutdown requested on Friday, February 4, 2022 at 11:09 AM. The server defaultServer is shutting down.
[2/4/22, 11:09:10:707 MST] 00000072 com.ibm.ws.runtime.update.internal.RuntimeUpdateManagerImpl  A CWWKE1100I: Waiting for up to 30 seconds for the server to quiesce.
[2/4/22, 11:09:10:715 MST] 0000006c com.ibm.ws.tcpchannel.internal.TCPChannel                    I CWWKO0220I: TCP Channel defaultHttpEndpoint-ssl has stopped listening for requests on host kubernetes.docker.internal  (IPv4: 127.0.0.1) port 9443.
[2/4/22, 11:09:10:723 MST] 0000006c com.ibm.ws.tcpchannel.internal.TCPChannel                    I CWWKO0220I: TCP Channel defaultHttpEndpoint has stopped listening for requests on host kubernetes.docker.internal  (IPv4: 127.0.0.1) port 9080.
[2/4/22, 11:09:10:724 MST] 0000006c com.ibm.ws.http.internal.VirtualHostImpl                     A CWWKT0017I: Web application removed (default_host): http://localhost:9080/jwt/
[2/4/22, 11:09:10:724 MST] 0000006c com.ibm.ws.http.internal.VirtualHostImpl                     A CWWKT0017I: Web application removed (default_host): http://localhost:9080/demo/
[2/4/22, 11:09:10:724 MST] 0000006c com.ibm.ws.http.internal.VirtualHostImpl                     A CWWKT0017I: Web application removed (default_host): http://localhost:9080/openapi/ui/
[2/4/22, 11:09:10:724 MST] 0000006c com.ibm.ws.http.internal.VirtualHostImpl                     A CWWKT0017I: Web application removed (default_host): http://localhost:9080/metrics/
[2/4/22, 11:09:10:725 MST] 0000006c com.ibm.ws.http.internal.VirtualHostImpl                     A CWWKT0017I: Web application removed (default_host): http://localhost:9080/health/
[2/4/22, 11:09:10:725 MST] 0000006c com.ibm.ws.http.internal.VirtualHostImpl                     A CWWKT0017I: Web application removed (default_host): http://localhost:9080/ibm/api/
[2/4/22, 11:09:10:725 MST] 0000006c com.ibm.ws.http.internal.VirtualHostImpl                     A CWWKT0017I: Web application removed (default_host): http://localhost:9080/openapi/
[2/4/22, 11:09:11:737 MST] 00000072 com.ibm.ws.runtime.update.internal.RuntimeUpdateManagerImpl  I CWWKE1101I: Server quiesce complete.
[2/4/22, 11:09:11:776 MST] 00000043 com.ibm.ws.app.manager.AppMessageHelper                      A CWWKZ0009I: The application demo has stopped successfully.
[2/4/22, 11:09:11:813 MST] 00000072 com.ibm.ws.webcontainer.servlet                              I SRVE0253I: [com.ibm.ws.microprofile.metrics.public] [/metrics] [PublicMetricsRESTProxyServlet]: Destroy successful.
[2/4/22, 11:09:11:827 MST] 00000072 com.ibm.ws.webcontainer.servlet                              I SRVE0253I: [com.ibm.ws.microprofile.openapi] [/openapi] [OpenAPIServlet]: Destroy successful.
[2/4/22, 11:09:11:927 MST] 00000072 .ws.security.mp.jwt.v11.config.impl.MpConfigProxyServiceImpl I CWWKS5777I: The MicroProfile JWT version 1.1 mpConfigProxy deactivated successfully.
[2/4/22, 11:09:11:929 MST] 00000072 com.ibm.ws.security.mp.jwt.impl.MicroProfileJwtConfigImpl    I CWWKS5502I: The MicroProfile JWT configuration [defaultMpJwt] was successfully deactivated.
[2/4/22, 11:09:11:929 MST] 00000072 com.ibm.ws.security.mp.jwt.impl.MicroProfileJwtServiceImpl   I CWWKS5502I: The MicroProfile JWT configuration [MicroProfileJwtService] was successfully deactivated.
[2/4/22, 11:09:11:975 MST] 00000072 ibm.ws.security.authentication.internal.jaas.JAASServiceImpl I CWWKS1124I: The collective authentication plugin with class name NullCollectiveAuthenticationPlugin has been deactivated. 
[2/4/22, 11:09:12:042 MST] 00000072 com.ibm.ws.security.ready.internal.SecurityReadyServiceImpl  I CWWKS0009I: The security service has stopped.
[2/4/22, 11:09:12:221 MST] 00000001 com.ibm.ws.kernel.launch.internal.FrameworkManager           A CWWKE0036I: The server defaultServer stopped after 42.886 seconds.
