********************************************************************************
product = Open Liberty 19.0.0.4 (wlp-1.0.27.cl190420190419-0642)
wlp.install.dir = C:/Users/rninganz/MyCourses/Cloud_Native_Dev/02_03/begin/target/liberty/wlp/
java.home = C:\Program Files\Java\jdk-11.0.14
java.version = 11.0.14
java.runtime = Java(TM) SE Runtime Environment (11.0.14+8-LTS-263)
os = Windows 10 (10.0; amd64) (en_US)
process = 19724@ESAdm-FJ590Z2
********************************************************************************
[2/4/22, 11:12:17:695 MST] 00000001 com.ibm.ws.kernel.launch.internal.FrameworkManager           A CWWKE0001I: The server defaultServer has been launched.
[2/4/22, 11:12:19:626 MST] 00000001 com.ibm.ws.kernel.launch.internal.FrameworkManager           I CWWKE0002I: The kernel started after 2.252 seconds
[2/4/22, 11:12:19:752 MST] 0000001e com.ibm.ws.kernel.feature.internal.FeatureManager            I CWWKF0007I: Feature update started.
[2/4/22, 11:12:20:257 MST] 00000016 com.ibm.ws.security.ready.internal.SecurityReadyServiceImpl  I CWWKS0007I: The security service is starting...
[2/4/22, 11:12:20:350 MST] 00000016 .apache.cxf.cxf.core.3.2:1.0.27.cl190420190419-0642(id=180)] I Aries Blueprint packages not available. So namespaces will not be registered
[2/4/22, 11:12:20:354 MST] 00000016 .apache.cxf.cxf.core.3.2:1.0.27.cl190420190419-0642(id=180)] I Aries Blueprint packages not available. So namespaces will not be registered
[2/4/22, 11:12:20:705 MST] 00000016 com.ibm.ws.app.manager.internal.monitor.DropinMonitor        A CWWKZ0058I: Monitoring dropins for applications.
[2/4/22, 11:12:20:971 MST] 00000023 com.ibm.ws.tcpchannel.internal.TCPChannel                    I CWWKO0219I: TCP Channel defaultHttpEndpoint has been started and is now listening for requests on host kubernetes.docker.internal  (IPv4: 127.0.0.1) port 9080.
[2/4/22, 11:12:21:153 MST] 00000016 com.ibm.ws.cache.ServerCache                                 I DYNA1001I: WebSphere Dynamic Cache instance named baseCache initialized successfully.
[2/4/22, 11:12:21:155 MST] 00000016 com.ibm.ws.cache.ServerCache                                 I DYNA1071I: The cache provider default is being used.
[2/4/22, 11:12:21:156 MST] 00000016 com.ibm.ws.cache.CacheServiceImpl                            I DYNA1056I: Dynamic Cache (object cache) initialized successfully.
[2/4/22, 11:12:21:278 MST] 00000018 com.ibm.ws.ssl.config.WSKeyStore                             A CWPKI0820A: The default keystore has been created using the 'keystore_password' environment variable.
[2/4/22, 11:12:21:384 MST] 0000002a com.ibm.ws.security.token.ltpa.internal.LTPAKeyCreateTask    I CWWKS4105I: LTPA configuration is ready after 0.077 seconds.
[2/4/22, 11:12:21:404 MST] 00000016 ibm.ws.security.authentication.internal.jaas.JAASServiceImpl I CWWKS1123I: The collective authentication plugin with class name NullCollectiveAuthenticationPlugin has been activated. 
[2/4/22, 11:12:21:802 MST] 00000018 com.ibm.ws.ssl.config.WSKeyStore                             I Successfully loaded default keystore: C:/Users/rninganz/MyCourses/Cloud_Native_Dev/02_03/begin/target/liberty/wlp/usr/servers/defaultServer/resources/security/key.p12 of type: PKCS12
[2/4/22, 11:12:21:874 MST] 00000016 com.ibm.ws.security.jwt.internal.ConsumerImpl                I CWWKS6012I: The JSON Web Token (JWT) consumer service is available.
[2/4/22, 11:12:21:912 MST] 00000016 com.ibm.ws.security.jwt.web.JwtEndpointServices              I CWWKS6002I: The JSON Web Token (JWT) endpoint service is available.
[2/4/22, 11:12:21:929 MST] 0000002f com.ibm.ws.tcpchannel.internal.TCPChannel                    I CWWKO0219I: TCP Channel defaultHttpEndpoint-ssl has been started and is now listening for requests on host kubernetes.docker.internal  (IPv4: 127.0.0.1) port 9443.
[2/4/22, 11:12:22:015 MST] 00000016 .ws.security.mp.jwt.v11.config.impl.MpConfigProxyServiceImpl I CWWKS5775I: The MicroProfile JWT version 1.1 mpConfigProxy processed successfully.
[2/4/22, 11:12:22:028 MST] 00000016 com.ibm.ws.security.mp.jwt.impl.MicroProfileJwtConfigImpl    I CWWKS5500I: The MicroProfile JWT configuration [defaultMpJwt] was successfully processed.
[2/4/22, 11:12:22:033 MST] 00000016 com.ibm.ws.security.mp.jwt.impl.MicroProfileJwtServiceImpl   I CWWKS5500I: The MicroProfile JWT configuration [MicroProfileJwtService] was successfully processed.
[2/4/22, 11:12:22:693 MST] 00000016 com.ibm.ws.session.WASSessionCore                            I SESN8501I: The session manager did not find a persistent storage location; HttpSession objects will be stored in the local application server's memory.
[2/4/22, 11:12:24:408 MST] 0000002c com.ibm.ws.app.manager.AppMessageHelper                      I CWWKZ0018I: Starting application demo.
[2/4/22, 11:12:25:168 MST] 00000034 com.ibm.ws.webcontainer.osgi.webapp.WebGroup                 I SRVE0169I: Loading Web Module: PublicMicroProfileMetrics.
[2/4/22, 11:12:25:175 MST] 00000034 com.ibm.ws.webcontainer                                      I SRVE0250I: Web Module PublicMicroProfileMetrics has been bound to default_host.
[2/4/22, 11:12:25:180 MST] 0000002e com.ibm.ws.webcontainer.osgi.webapp.WebGroup                 I SRVE0169I: Loading Web Module: OpenAPIUI.
[2/4/22, 11:12:25:181 MST] 0000002e com.ibm.ws.webcontainer                                      I SRVE0250I: Web Module OpenAPIUI has been bound to default_host.
[2/4/22, 11:12:25:179 MST] 0000002f com.ibm.ws.webcontainer.osgi.webapp.WebGroup                 I SRVE0169I: Loading Web Module: ibm/api.
[2/4/22, 11:12:25:183 MST] 0000002f com.ibm.ws.webcontainer                                      I SRVE0250I: Web Module ibm/api has been bound to default_host.
[2/4/22, 11:12:25:185 MST] 00000034 com.ibm.ws.http.internal.VirtualHostImpl                     A CWWKT0016I: Web application available (default_host): http://localhost:9080/metrics/
[2/4/22, 11:12:25:191 MST] 0000002f com.ibm.ws.http.internal.VirtualHostImpl                     A CWWKT0016I: Web application available (default_host): http://localhost:9080/ibm/api/
[2/4/22, 11:12:25:194 MST] 00000035 com.ibm.ws.webcontainer.osgi.webapp.WebGroup                 I SRVE0169I: Loading Web Module: health.
[2/4/22, 11:12:25:195 MST] 00000035 com.ibm.ws.webcontainer                                      I SRVE0250I: Web Module health has been bound to default_host.
[2/4/22, 11:12:25:198 MST] 0000002e com.ibm.ws.http.internal.VirtualHostImpl                     A CWWKT0016I: Web application available (default_host): http://localhost:9080/openapi/ui/
[2/4/22, 11:12:25:203 MST] 00000035 com.ibm.ws.http.internal.VirtualHostImpl                     A CWWKT0016I: Web application available (default_host): http://localhost:9080/health/
[2/4/22, 11:12:25:214 MST] 00000033 com.ibm.ws.webcontainer.osgi.webapp.WebGroup                 I SRVE0169I: Loading Web Module: MicroProfileOpenAPI.
[2/4/22, 11:12:25:217 MST] 00000033 com.ibm.ws.webcontainer                                      I SRVE0250I: Web Module MicroProfileOpenAPI has been bound to default_host.
[2/4/22, 11:12:25:218 MST] 00000033 com.ibm.ws.http.internal.VirtualHostImpl                     A CWWKT0016I: Web application available (default_host): http://localhost:9080/openapi/
[2/4/22, 11:12:25:243 MST] 0000002d com.ibm.ws.webcontainer.osgi.webapp.WebGroup                 I SRVE0169I: Loading Web Module: com.ibm.ws.security.jwt.
[2/4/22, 11:12:25:245 MST] 0000002d com.ibm.ws.webcontainer                                      I SRVE0250I: Web Module com.ibm.ws.security.jwt has been bound to default_host.
[2/4/22, 11:12:25:246 MST] 0000002d com.ibm.ws.http.internal.VirtualHostImpl                     A CWWKT0016I: Web application available (default_host): http://localhost:9080/jwt/
[2/4/22, 11:12:25:414 MST] 00000033 com.ibm.ws.session.WASSessionCore                            I SESN0176I: A new session context will be created for application key default_host/openapi
[2/4/22, 11:12:25:414 MST] 0000002a com.ibm.ws.session.WASSessionCore                            I SESN0176I: A new session context will be created for application key default_host/openapi/ui
[2/4/22, 11:12:25:414 MST] 00000036 com.ibm.ws.session.WASSessionCore                            I SESN0176I: A new session context will be created for application key default_host/health
[2/4/22, 11:12:25:417 MST] 00000029 com.ibm.ws.session.WASSessionCore                            I SESN0176I: A new session context will be created for application key default_host/ibm/api
[2/4/22, 11:12:25:414 MST] 00000028 com.ibm.ws.session.WASSessionCore                            I SESN0176I: A new session context will be created for application key default_host/metrics
[2/4/22, 11:12:25:416 MST] 00000021 com.ibm.ws.session.WASSessionCore                            I SESN0176I: A new session context will be created for application key default_host/jwt
[2/4/22, 11:12:25:458 MST] 00000033 com.ibm.ws.util                                              I SESN0172I: The session manager is using the Java default SecureRandom implementation for session ID generation.
[2/4/22, 11:12:25:480 MST] 00000021 com.ibm.ws.util                                              I SESN0172I: The session manager is using the Java default SecureRandom implementation for session ID generation.
[2/4/22, 11:12:25:483 MST] 00000028 com.ibm.ws.util                                              I SESN0172I: The session manager is using the Java default SecureRandom implementation for session ID generation.
[2/4/22, 11:12:25:485 MST] 00000029 com.ibm.ws.util                                              I SESN0172I: The session manager is using the Java default SecureRandom implementation for session ID generation.
[2/4/22, 11:12:25:490 MST] 00000036 com.ibm.ws.util                                              I SESN0172I: The session manager is using the Java default SecureRandom implementation for session ID generation.
[2/4/22, 11:12:25:491 MST] 0000002a com.ibm.ws.util                                              I SESN0172I: The session manager is using the Java default SecureRandom implementation for session ID generation.
[2/4/22, 11:12:25:539 MST] 0000002a com.ibm.ws.cache.CacheServiceImpl                            I DYNA1056I: Dynamic Cache (object cache) initialized successfully.
[2/4/22, 11:12:25:912 MST] 00000028 com.ibm.ws.webcontainer.servlet                              I SRVE0242I: [com.ibm.ws.microprofile.metrics.public] [/metrics] [PublicMetricsRESTProxyServlet]: Initialization successful.
[2/4/22, 11:12:25:924 MST] 00000033 com.ibm.ws.webcontainer.servlet                              I SRVE0242I: [com.ibm.ws.microprofile.openapi] [/openapi] [OpenAPIServlet]: Initialization successful.
[2/4/22, 11:12:26:221 MST] 00000023 com.ibm.ws.webcontainer.osgi.mbeans.PluginGenerator          I SRVE9103I: A configuration file for a web server plugin was automatically generated for this server at C:\Users\rninganz\MyCourses\Cloud_Native_Dev\02_03\begin\target\liberty\wlp\usr\servers\defaultServer\logs\state\plugin-cfg.xml.
[2/4/22, 11:12:26:317 MST] 0000002c com.ibm.ws.microprofile.openapi.ApplicationProcessor         I CWWKO1660I: The application demo was processed and an OpenAPI document was produced.
[2/4/22, 11:12:26:460 MST] 0000002c org.jboss.weld.Version                                       I WELD-000900: 3.1.0 (Final)
[2/4/22, 11:12:28:373 MST] 0000002c com.ibm.ws.webcontainer.osgi.webapp.WebGroup                 I SRVE0169I: Loading Web Module: demo.
[2/4/22, 11:12:28:373 MST] 0000002c com.ibm.ws.webcontainer                                      I SRVE0250I: Web Module demo has been bound to default_host.
[2/4/22, 11:12:28:374 MST] 0000002c com.ibm.ws.http.internal.VirtualHostImpl                     A CWWKT0016I: Web application available (default_host): http://localhost:9080/demo/
[2/4/22, 11:12:28:380 MST] 0000002c com.ibm.ws.app.manager.AppMessageHelper                      A CWWKZ0001I: Application demo started in 3.972 seconds.
[2/4/22, 11:12:28:384 MST] 00000029 com.ibm.ws.session.WASSessionCore                            I SESN0176I: A new session context will be created for application key default_host/demo
[2/4/22, 11:12:28:386 MST] 00000029 com.ibm.ws.util                                              I SESN0172I: The session manager is using the Java default SecureRandom implementation for session ID generation.
[2/4/22, 11:12:28:444 MST] 0000002a com.ibm.ws.webcontainer.osgi.mbeans.PluginGenerator          I SRVE9103I: A configuration file for a web server plugin was automatically generated for this server at C:\Users\rninganz\MyCourses\Cloud_Native_Dev\02_03\begin\target\liberty\wlp\usr\servers\defaultServer\logs\state\plugin-cfg.xml.
[2/4/22, 11:12:28:445 MST] 0000001e com.ibm.ws.kernel.feature.internal.FeatureManager            A CWWKF0012I: The server installed the following features: [appSecurity-2.0, cdi-2.0, concurrent-1.0, distributedMap-1.0, jaxrs-2.1, jaxrsClient-2.1, jndi-1.0, json-1.0, jsonb-1.0, jsonp-1.1, jwt-1.0, microProfile-2.2, mpConfig-1.3, mpFaultTolerance-2.0, mpHealth-1.0, mpJwt-1.1, mpMetrics-1.1, mpOpenAPI-1.1, mpOpenTracing-1.3, mpRestClient-1.2, opentracing-1.3, servlet-4.0, ssl-1.0].
[2/4/22, 11:12:28:445 MST] 0000001e com.ibm.ws.kernel.feature.internal.FeatureManager            I CWWKF0008I: Feature update completed in 8.818 seconds.
[2/4/22, 11:12:28:446 MST] 0000001e com.ibm.ws.kernel.feature.internal.FeatureManager            A CWWKF0011I: The defaultServer server is ready to run a smarter planet. The defaultServer server started in 11.078 seconds.
[2/4/22, 11:13:40:123 MST] 0000001e .apache.cxf.cxf.core.3.2:1.0.27.cl190420190419-0642(id=180)] I Setting the server's publish address to be /
[2/4/22, 11:13:40:207 MST] 0000001e com.ibm.ws.webcontainer.servlet                              I SRVE0242I: [demo] [/demo] [com.example.demo.JaxrsConfiguration]: Initialization successful.
[2/4/22, 11:13:40:277 MST] 0000001e com.ibm.ws.opentracing.OpentracingUserFeatureAccessService   E CWMOT0008E: OpenTracing cannot track JAX-RS requests because an OpentracingTracerFactory class was not provided.
[2/4/22, 11:14:26:772 MST] 00000014 com.ibm.ws.kernel.launch.internal.ServerCommandListener      A CWWKE0055I: Server shutdown requested on Friday, February 4, 2022 at 11:14 AM. The server defaultServer is shutting down.
[2/4/22, 11:14:26:776 MST] 000000dc com.ibm.ws.runtime.update.internal.RuntimeUpdateManagerImpl  A CWWKE1100I: Waiting for up to 30 seconds for the server to quiesce.
[2/4/22, 11:14:26:785 MST] 00000077 com.ibm.ws.tcpchannel.internal.TCPChannel                    I CWWKO0220I: TCP Channel defaultHttpEndpoint-ssl has stopped listening for requests on host kubernetes.docker.internal  (IPv4: 127.0.0.1) port 9443.
[2/4/22, 11:14:26:790 MST] 00000077 com.ibm.ws.tcpchannel.internal.TCPChannel                    I CWWKO0220I: TCP Channel defaultHttpEndpoint has stopped listening for requests on host kubernetes.docker.internal  (IPv4: 127.0.0.1) port 9080.
[2/4/22, 11:14:26:790 MST] 00000077 com.ibm.ws.http.internal.VirtualHostImpl                     A CWWKT0017I: Web application removed (default_host): http://localhost:9080/jwt/
[2/4/22, 11:14:26:790 MST] 00000077 com.ibm.ws.http.internal.VirtualHostImpl                     A CWWKT0017I: Web application removed (default_host): http://localhost:9080/demo/
[2/4/22, 11:14:26:791 MST] 00000077 com.ibm.ws.http.internal.VirtualHostImpl                     A CWWKT0017I: Web application removed (default_host): http://localhost:9080/openapi/ui/
[2/4/22, 11:14:26:791 MST] 00000077 com.ibm.ws.http.internal.VirtualHostImpl                     A CWWKT0017I: Web application removed (default_host): http://localhost:9080/metrics/
[2/4/22, 11:14:26:791 MST] 00000077 com.ibm.ws.http.internal.VirtualHostImpl                     A CWWKT0017I: Web application removed (default_host): http://localhost:9080/health/
[2/4/22, 11:14:26:791 MST] 00000077 com.ibm.ws.http.internal.VirtualHostImpl                     A CWWKT0017I: Web application removed (default_host): http://localhost:9080/ibm/api/
[2/4/22, 11:14:26:792 MST] 00000077 com.ibm.ws.http.internal.VirtualHostImpl                     A CWWKT0017I: Web application removed (default_host): http://localhost:9080/openapi/
[2/4/22, 11:14:27:800 MST] 000000dc com.ibm.ws.runtime.update.internal.RuntimeUpdateManagerImpl  I CWWKE1101I: Server quiesce complete.
[2/4/22, 11:14:27:824 MST] 00000041 com.ibm.ws.webcontainer.servlet                              I SRVE0253I: [demo] [/demo] [com.example.demo.JaxrsConfiguration]: Destroy successful.
[2/4/22, 11:14:27:847 MST] 00000041 com.ibm.ws.app.manager.AppMessageHelper                      A CWWKZ0009I: The application demo has stopped successfully.
[2/4/22, 11:14:27:890 MST] 000000dc com.ibm.ws.webcontainer.servlet                              I SRVE0253I: [com.ibm.ws.microprofile.metrics.public] [/metrics] [PublicMetricsRESTProxyServlet]: Destroy successful.
[2/4/22, 11:14:27:901 MST] 000000dc com.ibm.ws.webcontainer.servlet                              I SRVE0253I: [com.ibm.ws.microprofile.openapi] [/openapi] [OpenAPIServlet]: Destroy successful.
[2/4/22, 11:14:28:035 MST] 000000dc .ws.security.mp.jwt.v11.config.impl.MpConfigProxyServiceImpl I CWWKS5777I: The MicroProfile JWT version 1.1 mpConfigProxy deactivated successfully.
[2/4/22, 11:14:28:037 MST] 000000dc com.ibm.ws.security.mp.jwt.impl.MicroProfileJwtConfigImpl    I CWWKS5502I: The MicroProfile JWT configuration [defaultMpJwt] was successfully deactivated.
[2/4/22, 11:14:28:038 MST] 000000dc com.ibm.ws.security.mp.jwt.impl.MicroProfileJwtServiceImpl   I CWWKS5502I: The MicroProfile JWT configuration [MicroProfileJwtService] was successfully deactivated.
[2/4/22, 11:14:28:092 MST] 000000dc ibm.ws.security.authentication.internal.jaas.JAASServiceImpl I CWWKS1124I: The collective authentication plugin with class name NullCollectiveAuthenticationPlugin has been deactivated. 
[2/4/22, 11:14:28:194 MST] 000000dc com.ibm.ws.security.ready.internal.SecurityReadyServiceImpl  I CWWKS0009I: The security service has stopped.
[2/4/22, 11:14:28:380 MST] 00000001 com.ibm.ws.kernel.launch.internal.FrameworkManager           A CWWKE0036I: The server defaultServer stopped after 2 minutes, 11.008 seconds.
